<?xml version="1.0" encoding="UTF-8"?>
<testng-results ignored="0" total="3" passed="3" failed="0" skipped="0">
  <reporter-output>
    <line>
      <![CDATA[<a href='E:\Eclipse workspace's\Deepfreeze\src\main\resources\Screenshots\blank_08_16_2023_02_16_51.png'><img src='E:\Eclipse workspace's\Deepfreeze\src\main\resources\Screenshots\blank_08_16_2023_02_16_51.png'height=100 width=100 /></a>]]>
    </line>
    <line>
      <![CDATA[<a href='E:\Eclipse workspace's\Deepfreeze\src\main\resources\Screenshots\blank_08_17_2023_02_17_16.png'><img src='E:\Eclipse workspace's\Deepfreeze\src\main\resources\Screenshots\blank_08_17_2023_02_17_16.png'height=100 width=100 /></a>]]>
    </line>
    <line>
      <![CDATA[<a href='E:\Eclipse workspace's\Deepfreeze\src\main\resources\Screenshots\blank_08_17_2023_02_17_51.png'><img src='E:\Eclipse workspace's\Deepfreeze\src\main\resources\Screenshots\blank_08_17_2023_02_17_51.png'height=100 width=100 /></a>]]>
    </line>
    <line>
      <![CDATA[<a href='E:\Eclipse workspace's\Deepfreeze\src\main\resources\Screenshots\blank_08_18_2023_02_18_10.png'><img src='E:\Eclipse workspace's\Deepfreeze\src\main\resources\Screenshots\blank_08_18_2023_02_18_10.png'height=100 width=100 /></a>]]>
    </line>
  </reporter-output>
  <suite started-at="2023-05-08T14:16:31 IST" name="All_Test" finished-at="2023-05-08T14:18:10 IST" duration-ms="99277">
    <groups>
    </groups>
    <test started-at="2023-05-08T14:16:31 IST" name="LoginTest" finished-at="2023-05-08T14:17:01 IST" duration-ms="30352">
      <class name="testScripts.LoginTest">
        <test-method is-config="true" signature="beforeTest()[pri:0, instance:testScripts.LoginTest@201a4587]" started-at="2023-05-08T14:16:31 IST" name="beforeTest" finished-at="2023-05-08T14:16:48 IST" duration-ms="17182" status="PASS">
          <reporter-output>
          </reporter-output>
        </test-method> <!-- beforeTest -->
        <test-method is-config="true" signature="beforeClass()[pri:0, instance:testScripts.LoginTest@201a4587]" started-at="2023-05-08T14:16:48 IST" name="beforeClass" finished-at="2023-05-08T14:16:48 IST" duration-ms="13" status="PASS">
          <reporter-output>
          </reporter-output>
        </test-method> <!-- beforeClass -->
        <test-method is-config="true" signature="beforeMethod(java.lang.reflect.Method)[pri:0, instance:testScripts.LoginTest@201a4587]" started-at="2023-05-08T14:16:48 IST" name="beforeMethod" finished-at="2023-05-08T14:16:48 IST" duration-ms="34" status="PASS">
          <params>
            <param index="0">
              <value>
                <![CDATA[public void testScripts.LoginTest.testToLoginApplication()]]>
              </value>
            </param>
          </params>
          <reporter-output>
          </reporter-output>
        </test-method> <!-- beforeMethod -->
        <test-method signature="testToLoginApplication()[pri:0, instance:testScripts.LoginTest@201a4587]" started-at="2023-05-08T14:16:48 IST" name="testToLoginApplication" description="Login test with valid credentials" finished-at="2023-05-08T14:17:00 IST" duration-ms="11426" status="PASS">
          <reporter-output>
            <line>
              <![CDATA[<a href='E:\Eclipse workspace's\Deepfreeze\src\main\resources\Screenshots\blank_08_16_2023_02_16_51.png'><img src='E:\Eclipse workspace's\Deepfreeze\src\main\resources\Screenshots\blank_08_16_2023_02_16_51.png'height=100 width=100 /></a>]]>
            </line>
          </reporter-output>
        </test-method> <!-- testToLoginApplication -->
        <test-method is-config="true" signature="AfterMethod(org.testng.ITestResult)[pri:0, instance:testScripts.LoginTest@201a4587]" started-at="2023-05-08T14:17:00 IST" name="AfterMethod" finished-at="2023-05-08T14:17:01 IST" duration-ms="1579" status="PASS">
          <params>
            <param index="0">
              <value>
                <![CDATA[[TestResult name=testToLoginApplication status=SUCCESS method=LoginTest.testToLoginApplication()[pri:0, instance:testScripts.LoginTest@201a4587] output=<a href='E:\Eclipse workspace's\Deepfreeze\src\main\resources\Screenshots\blank_08_16_2023_02_16_51.png'><img src='E:\Eclipse workspace's\Deepfreeze\src\main\resources\Screenshots\blank_08_16_2023_02_16_51.png'height=100 width=100 /></a>]]]>
              </value>
            </param>
          </params>
          <reporter-output>
          </reporter-output>
        </test-method> <!-- AfterMethod -->
      </class> <!-- testScripts.LoginTest -->
    </test> <!-- LoginTest -->
    <test started-at="2023-05-08T14:17:01 IST" name="HomePageTest" finished-at="2023-05-08T14:17:32 IST" duration-ms="30504">
      <class name="testScripts.HomePageTest">
        <test-method is-config="true" signature="beforeTest()[pri:0, instance:testScripts.HomePageTest@5824a83d]" started-at="2023-05-08T14:17:01 IST" name="beforeTest" finished-at="2023-05-08T14:17:07 IST" duration-ms="5854" status="PASS">
          <reporter-output>
          </reporter-output>
        </test-method> <!-- beforeTest -->
        <test-method is-config="true" signature="beforeClass()[pri:0, instance:testScripts.HomePageTest@5824a83d]" started-at="2023-05-08T14:17:07 IST" name="beforeClass" finished-at="2023-05-08T14:17:07 IST" duration-ms="2" status="PASS">
          <reporter-output>
          </reporter-output>
        </test-method> <!-- beforeClass -->
        <test-method is-config="true" signature="beforeMethod(java.lang.reflect.Method)[pri:0, instance:testScripts.HomePageTest@5824a83d]" started-at="2023-05-08T14:17:07 IST" name="beforeMethod" finished-at="2023-05-08T14:17:07 IST" duration-ms="1" status="PASS">
          <params>
            <param index="0">
              <value>
                <![CDATA[public void testScripts.HomePageTest.testHomePage()]]>
              </value>
            </param>
          </params>
          <reporter-output>
          </reporter-output>
        </test-method> <!-- beforeMethod -->
        <test-method signature="testHomePage()[pri:0, instance:testScripts.HomePageTest@5824a83d]" started-at="2023-05-08T14:17:07 IST" name="testHomePage" description="Verifying HomePage" finished-at="2023-05-08T14:17:31 IST" duration-ms="24160" status="PASS">
          <reporter-output>
            <line>
              <![CDATA[<a href='E:\Eclipse workspace's\Deepfreeze\src\main\resources\Screenshots\blank_08_17_2023_02_17_16.png'><img src='E:\Eclipse workspace's\Deepfreeze\src\main\resources\Screenshots\blank_08_17_2023_02_17_16.png'height=100 width=100 /></a>]]>
            </line>
          </reporter-output>
        </test-method> <!-- testHomePage -->
        <test-method is-config="true" signature="AfterMethod(org.testng.ITestResult)[pri:0, instance:testScripts.HomePageTest@5824a83d]" started-at="2023-05-08T14:17:31 IST" name="AfterMethod" finished-at="2023-05-08T14:17:32 IST" duration-ms="482" status="PASS">
          <params>
            <param index="0">
              <value>
                <![CDATA[[TestResult name=testHomePage status=SUCCESS method=HomePageTest.testHomePage()[pri:0, instance:testScripts.HomePageTest@5824a83d] output=<a href='E:\Eclipse workspace's\Deepfreeze\src\main\resources\Screenshots\blank_08_17_2023_02_17_16.png'><img src='E:\Eclipse workspace's\Deepfreeze\src\main\resources\Screenshots\blank_08_17_2023_02_17_16.png'height=100 width=100 /></a>]]]>
              </value>
            </param>
          </params>
          <reporter-output>
          </reporter-output>
        </test-method> <!-- AfterMethod -->
      </class> <!-- testScripts.HomePageTest -->
    </test> <!-- HomePageTest -->
    <test started-at="2023-05-08T14:17:32 IST" name="ComputerPageTest" finished-at="2023-05-08T14:18:10 IST" duration-ms="38351">
      <class name="testScripts.ComputerPageTest">
        <test-method is-config="true" signature="beforeSuit()[pri:0, instance:testScripts.ComputerPageTest@229c6181]" started-at="2023-05-08T14:16:30 IST" name="beforeSuit" finished-at="2023-05-08T14:16:31 IST" duration-ms="528" status="PASS">
          <reporter-output>
          </reporter-output>
        </test-method> <!-- beforeSuit -->
        <test-method is-config="true" signature="beforeTest()[pri:0, instance:testScripts.ComputerPageTest@229c6181]" started-at="2023-05-08T14:17:32 IST" name="beforeTest" finished-at="2023-05-08T14:17:48 IST" duration-ms="16457" status="PASS">
          <reporter-output>
          </reporter-output>
        </test-method> <!-- beforeTest -->
        <test-method is-config="true" signature="beforeClass()[pri:0, instance:testScripts.ComputerPageTest@229c6181]" started-at="2023-05-08T14:17:48 IST" name="beforeClass" finished-at="2023-05-08T14:17:48 IST" duration-ms="0" status="PASS">
          <reporter-output>
          </reporter-output>
        </test-method> <!-- beforeClass -->
        <test-method is-config="true" signature="beforeMethod(java.lang.reflect.Method)[pri:0, instance:testScripts.ComputerPageTest@229c6181]" started-at="2023-05-08T14:17:48 IST" name="beforeMethod" finished-at="2023-05-08T14:17:48 IST" duration-ms="1" status="PASS">
          <params>
            <param index="0">
              <value>
                <![CDATA[public void testScripts.ComputerPageTest.VerifyComputerPage()]]>
              </value>
            </param>
          </params>
          <reporter-output>
          </reporter-output>
        </test-method> <!-- beforeMethod -->
        <test-method signature="VerifyComputerPage()[pri:0, instance:testScripts.ComputerPageTest@229c6181]" started-at="2023-05-08T14:17:48 IST" name="VerifyComputerPage" description="Verifying computer page..." finished-at="2023-05-08T14:18:10 IST" duration-ms="21647" status="PASS">
          <reporter-output>
            <line>
              <![CDATA[<a href='E:\Eclipse workspace's\Deepfreeze\src\main\resources\Screenshots\blank_08_17_2023_02_17_51.png'><img src='E:\Eclipse workspace's\Deepfreeze\src\main\resources\Screenshots\blank_08_17_2023_02_17_51.png'height=100 width=100 /></a>]]>
            </line>
            <line>
              <![CDATA[<a href='E:\Eclipse workspace's\Deepfreeze\src\main\resources\Screenshots\blank_08_18_2023_02_18_10.png'><img src='E:\Eclipse workspace's\Deepfreeze\src\main\resources\Screenshots\blank_08_18_2023_02_18_10.png'height=100 width=100 /></a>]]>
            </line>
          </reporter-output>
        </test-method> <!-- VerifyComputerPage -->
        <test-method is-config="true" signature="AfterMethod(org.testng.ITestResult)[pri:0, instance:testScripts.ComputerPageTest@229c6181]" started-at="2023-05-08T14:18:10 IST" name="AfterMethod" finished-at="2023-05-08T14:18:10 IST" duration-ms="233" status="PASS">
          <params>
            <param index="0">
              <value>
                <![CDATA[[TestResult name=VerifyComputerPage status=SUCCESS method=ComputerPageTest.VerifyComputerPage()[pri:0, instance:testScripts.ComputerPageTest@229c6181] output=<a href='E:\Eclipse workspace's\Deepfreeze\src\main\resources\Screenshots\blank_08_17_2023_02_17_51.png'><img src='E:\Eclipse workspace's\Deepfreeze\src\main\resources\Screenshots\blank_08_17_2023_02_17_51.png'height=100 width=100 /></a>]]]>
              </value>
            </param>
          </params>
          <reporter-output>
          </reporter-output>
        </test-method> <!-- AfterMethod -->
      </class> <!-- testScripts.ComputerPageTest -->
    </test> <!-- ComputerPageTest -->
  </suite> <!-- All_Test -->
</testng-results>
