<?xml version="1.0" encoding="UTF-8"?>
<testsuite xmlns:xsi="http://www.w3.org/2001/XMLSchema-instance" xsi:schemaLocation="https://maven.apache.org/surefire/maven-surefire-plugin/xsd/surefire-test-report.xsd" name="TestSuite" time="104.471" tests="3" errors="0" skipped="0" failures="0">
  <properties>
[...]
</properties>
  <testcase name="testToLoginApplication" classname="testScripts.LoginTest" time="11.432"/>
  <testcase name="testHomePage" classname="testScripts.HomePageTest" time="24.238"/>
  <testcase name="VerifyComputerPage" classname="testScripts.ComputerPageTest" time="21.64"/>
</testsuite>