<?xml version="1.0" encoding="UTF-8"?>
<testng-results ignored="0" total="3" passed="3" failed="0" skipped="0">
  <reporter-output>
    <line>
      <![CDATA[<a href='E:\Eclipse workspace's\Deepfreeze\src\main\resources\Screenshots\blank_01_15_2023_03_15_23.png'><img src='E:\Eclipse workspace's\Deepfreeze\src\main\resources\Screenshots\blank_01_15_2023_03_15_23.png'height=100 width=100 /></a>]]>
    </line>
    <line>
      <![CDATA[<a href='E:\Eclipse workspace's\Deepfreeze\src\main\resources\Screenshots\blank_01_15_2023_03_15_38.png'><img src='E:\Eclipse workspace's\Deepfreeze\src\main\resources\Screenshots\blank_01_15_2023_03_15_38.png'height=100 width=100 /></a>]]>
    </line>
    <line>
      <![CDATA[<a href='E:\Eclipse workspace's\Deepfreeze\src\main\resources\Screenshots\blank_01_16_2023_03_16_04.png'><img src='E:\Eclipse workspace's\Deepfreeze\src\main\resources\Screenshots\blank_01_16_2023_03_16_04.png'height=100 width=100 /></a>]]>
    </line>
    <line>
      <![CDATA[<a href='E:\Eclipse workspace's\Deepfreeze\src\main\resources\Screenshots\blank_01_16_2023_03_16_34.png'><img src='E:\Eclipse workspace's\Deepfreeze\src\main\resources\Screenshots\blank_01_16_2023_03_16_34.png'height=100 width=100 /></a>]]>
    </line>
  </reporter-output>
  <suite started-at="2023-04-01T15:15:12 IST" name="All_Test" finished-at="2023-04-01T15:16:34 IST" duration-ms="82258">
    <groups>
    </groups>
    <test started-at="2023-04-01T15:15:12 IST" name="LoginTest" finished-at="2023-04-01T15:15:32 IST" duration-ms="19541">
      <class name="testScripts.LoginTest">
        <test-method is-config="true" signature="beforeTest()[pri:0, instance:testScripts.LoginTest@338fc1d8]" started-at="2023-04-01T15:15:12 IST" name="beforeTest" finished-at="2023-04-01T15:15:20 IST" duration-ms="7781" status="PASS">
          <reporter-output>
          </reporter-output>
        </test-method> <!-- beforeTest -->
        <test-method is-config="true" signature="beforeClass()[pri:0, instance:testScripts.LoginTest@338fc1d8]" started-at="2023-04-01T15:15:20 IST" name="beforeClass" finished-at="2023-04-01T15:15:20 IST" duration-ms="7" status="PASS">
          <reporter-output>
          </reporter-output>
        </test-method> <!-- beforeClass -->
        <test-method is-config="true" signature="beforeMethod(java.lang.reflect.Method)[pri:0, instance:testScripts.LoginTest@338fc1d8]" started-at="2023-04-01T15:15:20 IST" name="beforeMethod" finished-at="2023-04-01T15:15:20 IST" duration-ms="26" status="PASS">
          <params>
            <param index="0">
              <value>
                <![CDATA[public void testScripts.LoginTest.testToLoginApplication()]]>
              </value>
            </param>
          </params>
          <reporter-output>
          </reporter-output>
        </test-method> <!-- beforeMethod -->
        <test-method signature="testToLoginApplication()[pri:0, instance:testScripts.LoginTest@338fc1d8]" started-at="2023-04-01T15:15:20 IST" name="testToLoginApplication" description="Login test with valid credentials" finished-at="2023-04-01T15:15:31 IST" duration-ms="10705" status="PASS">
          <reporter-output>
            <line>
              <![CDATA[<a href='E:\Eclipse workspace's\Deepfreeze\src\main\resources\Screenshots\blank_01_15_2023_03_15_23.png'><img src='E:\Eclipse workspace's\Deepfreeze\src\main\resources\Screenshots\blank_01_15_2023_03_15_23.png'height=100 width=100 /></a>]]>
            </line>
          </reporter-output>
        </test-method> <!-- testToLoginApplication -->
        <test-method is-config="true" signature="AfterMethod(org.testng.ITestResult)[pri:0, instance:testScripts.LoginTest@338fc1d8]" started-at="2023-04-01T15:15:31 IST" name="AfterMethod" finished-at="2023-04-01T15:15:31 IST" duration-ms="934" status="PASS">
          <params>
            <param index="0">
              <value>
                <![CDATA[[TestResult name=testToLoginApplication status=SUCCESS method=LoginTest.testToLoginApplication()[pri:0, instance:testScripts.LoginTest@338fc1d8] output=<a href='E:\Eclipse workspace's\Deepfreeze\src\main\resources\Screenshots\blank_01_15_2023_03_15_23.png'><img src='E:\Eclipse workspace's\Deepfreeze\src\main\resources\Screenshots\blank_01_15_2023_03_15_23.png'height=100 width=100 /></a>]]]>
              </value>
            </param>
          </params>
          <reporter-output>
          </reporter-output>
        </test-method> <!-- AfterMethod -->
      </class> <!-- testScripts.LoginTest -->
    </test> <!-- LoginTest -->
    <test started-at="2023-04-01T15:15:32 IST" name="HomePageTest" finished-at="2023-04-01T15:15:50 IST" duration-ms="18845">
      <class name="testScripts.HomePageTest">
        <test-method is-config="true" signature="beforeTest()[pri:0, instance:testScripts.HomePageTest@47caedad]" started-at="2023-04-01T15:15:32 IST" name="beforeTest" finished-at="2023-04-01T15:15:35 IST" duration-ms="3134" status="PASS">
          <reporter-output>
          </reporter-output>
        </test-method> <!-- beforeTest -->
        <test-method is-config="true" signature="beforeClass()[pri:0, instance:testScripts.HomePageTest@47caedad]" started-at="2023-04-01T15:15:35 IST" name="beforeClass" finished-at="2023-04-01T15:15:35 IST" duration-ms="0" status="PASS">
          <reporter-output>
          </reporter-output>
        </test-method> <!-- beforeClass -->
        <test-method is-config="true" signature="beforeMethod(java.lang.reflect.Method)[pri:0, instance:testScripts.HomePageTest@47caedad]" started-at="2023-04-01T15:15:35 IST" name="beforeMethod" finished-at="2023-04-01T15:15:35 IST" duration-ms="1" status="PASS">
          <params>
            <param index="0">
              <value>
                <![CDATA[public void testScripts.HomePageTest.testHomePage()]]>
              </value>
            </param>
          </params>
          <reporter-output>
          </reporter-output>
        </test-method> <!-- beforeMethod -->
        <test-method signature="testHomePage()[pri:0, instance:testScripts.HomePageTest@47caedad]" started-at="2023-04-01T15:15:35 IST" name="testHomePage" description="Verifying HomePage" finished-at="2023-04-01T15:15:50 IST" duration-ms="14908" status="PASS">
          <reporter-output>
            <line>
              <![CDATA[<a href='E:\Eclipse workspace's\Deepfreeze\src\main\resources\Screenshots\blank_01_15_2023_03_15_38.png'><img src='E:\Eclipse workspace's\Deepfreeze\src\main\resources\Screenshots\blank_01_15_2023_03_15_38.png'height=100 width=100 /></a>]]>
            </line>
          </reporter-output>
        </test-method> <!-- testHomePage -->
        <test-method is-config="true" signature="AfterMethod(org.testng.ITestResult)[pri:0, instance:testScripts.HomePageTest@47caedad]" started-at="2023-04-01T15:15:50 IST" name="AfterMethod" finished-at="2023-04-01T15:15:50 IST" duration-ms="791" status="PASS">
          <params>
            <param index="0">
              <value>
                <![CDATA[[TestResult name=testHomePage status=SUCCESS method=HomePageTest.testHomePage()[pri:0, instance:testScripts.HomePageTest@47caedad] output=<a href='E:\Eclipse workspace's\Deepfreeze\src\main\resources\Screenshots\blank_01_15_2023_03_15_38.png'><img src='E:\Eclipse workspace's\Deepfreeze\src\main\resources\Screenshots\blank_01_15_2023_03_15_38.png'height=100 width=100 /></a>]]]>
              </value>
            </param>
          </params>
          <reporter-output>
          </reporter-output>
        </test-method> <!-- AfterMethod -->
      </class> <!-- testScripts.HomePageTest -->
    </test> <!-- HomePageTest -->
    <test started-at="2023-04-01T15:15:50 IST" name="ComputerPageTest" finished-at="2023-04-01T15:16:34 IST" duration-ms="43793">
      <class name="testScripts.ComputerPageTest">
        <test-method is-config="true" signature="beforeSuit()[pri:0, instance:testScripts.ComputerPageTest@126253fd]" started-at="2023-04-01T15:15:12 IST" name="beforeSuit" finished-at="2023-04-01T15:15:12 IST" duration-ms="361" status="PASS">
          <reporter-output>
          </reporter-output>
        </test-method> <!-- beforeSuit -->
        <test-method is-config="true" signature="beforeTest()[pri:0, instance:testScripts.ComputerPageTest@126253fd]" started-at="2023-04-01T15:15:50 IST" name="beforeTest" finished-at="2023-04-01T15:15:57 IST" duration-ms="6884" status="PASS">
          <reporter-output>
          </reporter-output>
        </test-method> <!-- beforeTest -->
        <test-method is-config="true" signature="beforeClass()[pri:0, instance:testScripts.ComputerPageTest@126253fd]" started-at="2023-04-01T15:15:57 IST" name="beforeClass" finished-at="2023-04-01T15:15:57 IST" duration-ms="0" status="PASS">
          <reporter-output>
          </reporter-output>
        </test-method> <!-- beforeClass -->
        <test-method is-config="true" signature="beforeMethod(java.lang.reflect.Method)[pri:0, instance:testScripts.ComputerPageTest@126253fd]" started-at="2023-04-01T15:15:57 IST" name="beforeMethod" finished-at="2023-04-01T15:15:57 IST" duration-ms="1" status="PASS">
          <params>
            <param index="0">
              <value>
                <![CDATA[public void testScripts.ComputerPageTest.VerifyComputerPage()]]>
              </value>
            </param>
          </params>
          <reporter-output>
          </reporter-output>
        </test-method> <!-- beforeMethod -->
        <test-method signature="VerifyComputerPage()[pri:0, instance:testScripts.ComputerPageTest@126253fd]" started-at="2023-04-01T15:15:57 IST" name="VerifyComputerPage" description="Verifying computer page..." finished-at="2023-04-01T15:16:34 IST" duration-ms="36693" status="PASS">
          <reporter-output>
            <line>
              <![CDATA[<a href='E:\Eclipse workspace's\Deepfreeze\src\main\resources\Screenshots\blank_01_16_2023_03_16_04.png'><img src='E:\Eclipse workspace's\Deepfreeze\src\main\resources\Screenshots\blank_01_16_2023_03_16_04.png'height=100 width=100 /></a>]]>
            </line>
            <line>
              <![CDATA[<a href='E:\Eclipse workspace's\Deepfreeze\src\main\resources\Screenshots\blank_01_16_2023_03_16_34.png'><img src='E:\Eclipse workspace's\Deepfreeze\src\main\resources\Screenshots\blank_01_16_2023_03_16_34.png'height=100 width=100 /></a>]]>
            </line>
          </reporter-output>
        </test-method> <!-- VerifyComputerPage -->
        <test-method is-config="true" signature="AfterMethod(org.testng.ITestResult)[pri:0, instance:testScripts.ComputerPageTest@126253fd]" started-at="2023-04-01T15:16:34 IST" name="AfterMethod" finished-at="2023-04-01T15:16:34 IST" duration-ms="200" status="PASS">
          <params>
            <param index="0">
              <value>
                <![CDATA[[TestResult name=VerifyComputerPage status=SUCCESS method=ComputerPageTest.VerifyComputerPage()[pri:0, instance:testScripts.ComputerPageTest@126253fd] output=<a href='E:\Eclipse workspace's\Deepfreeze\src\main\resources\Screenshots\blank_01_16_2023_03_16_04.png'><img src='E:\Eclipse workspace's\Deepfreeze\src\main\resources\Screenshots\blank_01_16_2023_03_16_04.png'height=100 width=100 /></a>]]]>
              </value>
            </param>
          </params>
          <reporter-output>
          </reporter-output>
        </test-method> <!-- AfterMethod -->
      </class> <!-- testScripts.ComputerPageTest -->
    </test> <!-- ComputerPageTest -->
  </suite> <!-- All_Test -->
</testng-results>
